<?xml version="1.0" encoding="UTF-8"?>
<testsuite name="org.example.MainTest" tests="1" skipped="0" failures="0" errors="0" timestamp="2023-04-01T14:53:43" hostname="DESKTOP-3A1HTCS" time="0.016">
  <properties/>
  <testcase name="additionTest()" classname="org.example.MainTest" time="0.016"/>
  <system-out><![CDATA[]]></system-out>
  <system-err><![CDATA[]]></system-err>
</testsuite>
